[2022-12-07 18:56:00] Error Message: Error | File: C:\OpenServer\domains\new-ishop\public\index.php |
            Line: 14
=================
[2022-12-07 18:56:00] Error Message: Undefined variable $errno | File: C:\OpenServer\domains\new-ishop\public\errors\development.php |
            Line: 20
=================
[2022-12-07 18:56:00] Error Message: Error | File: C:\OpenServer\domains\new-ishop\public\index.php |
            Line: 14
=================
[2022-12-07 18:56:00] Error Message: Undefined variable $errno | File: C:\OpenServer\domains\new-ishop\public\errors\development.php |
            Line: 20
=================
[2022-12-07 18:57:29] Error Message: Error | File: C:\OpenServer\domains\new-ishop\public\index.php |
            Line: 14
=================
[2022-12-07 18:57:29] Error Message: Undefined variable $errno | File: C:\OpenServer\domains\new-ishop\public\errors\development.php |
            Line: 20
=================
[2022-12-07 18:57:29] Error Message: Error | File: C:\OpenServer\domains\new-ishop\public\index.php |
            Line: 14
=================
[2022-12-07 18:57:29] Error Message: Undefined variable $errno | File: C:\OpenServer\domains\new-ishop\public\errors\development.php |
            Line: 20
=================
[2022-12-07 18:59:10] Error Message: Error | File: C:\OpenServer\domains\new-ishop\public\index.php |
            Line: 14
=================
[2022-12-07 18:59:10] Error Message: Undefined variable $errno | File: C:\OpenServer\domains\new-ishop\public\errors\development.php |
            Line: 20
=================
[2022-12-07 18:59:10] Error Message: Error | File: C:\OpenServer\domains\new-ishop\public\index.php |
            Line: 14
=================
[2022-12-07 18:59:10] Error Message: Undefined variable $errno | File: C:\OpenServer\domains\new-ishop\public\errors\development.php |
            Line: 20
=================
[2022-12-07 18:59:21] Error Message: Error | File: C:\OpenServer\domains\new-ishop\public\index.php |
            Line: 14
=================
[2022-12-07 18:59:21] Error Message: Undefined variable $errstr | File: C:\OpenServer\domains\new-ishop\public\errors\development.php |
            Line: 21
=================
[2022-12-07 18:59:21] Error Message: Error | File: C:\OpenServer\domains\new-ishop\public\index.php |
            Line: 14
=================
[2022-12-07 18:59:21] Error Message: Undefined variable $errstr | File: C:\OpenServer\domains\new-ishop\public\errors\development.php |
            Line: 21
=================
[2022-12-07 18:59:40] Error Message: Error | File: C:\OpenServer\domains\new-ishop\public\index.php |
            Line: 14
=================
[2022-12-07 18:59:40] Error Message: Undefined variable $errstr | File: C:\OpenServer\domains\new-ishop\public\errors\development.php |
            Line: 21
=================
[2022-12-07 18:59:40] Error Message: Error | File: C:\OpenServer\domains\new-ishop\public\index.php |
            Line: 14
=================
[2022-12-07 18:59:40] Error Message: Undefined variable $errstr | File: C:\OpenServer\domains\new-ishop\public\errors\development.php |
            Line: 21
=================
[2022-12-07 18:59:47] Error Message: Error | File: C:\OpenServer\domains\new-ishop\public\index.php |
            Line: 14
=================
[2022-12-07 18:59:47] Error Message: Undefined variable $errstr | File: C:\OpenServer\domains\new-ishop\public\errors\development.php |
            Line: 21
=================
[2022-12-07 18:59:47] Error Message: Error | File: C:\OpenServer\domains\new-ishop\public\index.php |
            Line: 14
=================
[2022-12-07 18:59:47] Error Message: Undefined variable $errstr | File: C:\OpenServer\domains\new-ishop\public\errors\development.php |
            Line: 21
=================
[2022-12-07 19:01:06] Error Message: Error | File: C:\OpenServer\domains\new-ishop\public\index.php |
            Line: 14
=================
[2022-12-07 19:01:06] Error Message: Undefined variable $errstr | File: C:\OpenServer\domains\new-ishop\public\errors\development.php |
            Line: 21
=================
[2022-12-07 19:01:07] Error Message: Error | File: C:\OpenServer\domains\new-ishop\public\index.php |
            Line: 14
=================
[2022-12-07 19:01:07] Error Message: Undefined variable $errstr | File: C:\OpenServer\domains\new-ishop\public\errors\development.php |
            Line: 21
=================
[2022-12-07 19:01:07] Error Message: Error | File: C:\OpenServer\domains\new-ishop\public\index.php |
            Line: 14
=================
[2022-12-07 19:01:07] Error Message: Undefined variable $errstr | File: C:\OpenServer\domains\new-ishop\public\errors\development.php |
            Line: 21
=================
[2022-12-07 19:01:07] Error Message: Error | File: C:\OpenServer\domains\new-ishop\public\index.php |
            Line: 14
=================
[2022-12-07 19:01:07] Error Message: Undefined variable $errstr | File: C:\OpenServer\domains\new-ishop\public\errors\development.php |
            Line: 21
=================
[2022-12-07 19:04:09] Error Message: Error | File: C:\OpenServer\domains\new-ishop\public\index.php |
            Line: 14
=================
[2022-12-07 19:04:09] Error Message: Error | File: C:\OpenServer\domains\new-ishop\public\index.php |
            Line: 14
=================
[2022-12-07 19:07:21] Error Message: Error | File: C:\OpenServer\domains\new-ishop\public\index.php |
            Line: 14
=================
[2022-12-07 19:07:58] Error Message: Error | File: C:\OpenServer\domains\new-ishop\public\index.php |
            Line: 14
=================
[2022-12-07 19:08:22] Error Message: Error | File: C:\OpenServer\domains\new-ishop\public\index.php |
            Line: 14
=================
[2022-12-07 19:08:26] Error Message: Error | File: C:\OpenServer\domains\new-ishop\public\index.php |
            Line: 14
=================
[2022-12-07 19:08:31] Error Message: Error | File: C:\OpenServer\domains\new-ishop\public\index.php |
            Line: 14
=================
[2022-12-07 19:08:36] Error Message: Error | File: C:\OpenServer\domains\new-ishop\public\index.php |
            Line: 14
=================
[2022-12-07 19:10:03] Error Message: Error | File: C:\OpenServer\domains\new-ishop\public\index.php |
            Line: 14
=================
[2022-12-07 19:10:04] Error Message: Error | File: C:\OpenServer\domains\new-ishop\public\index.php |
            Line: 14
=================
[2022-12-07 19:10:09] Error Message: Error | File: C:\OpenServer\domains\new-ishop\public\index.php |
            Line: 14
=================
[2022-12-07 19:10:14] Error Message: Error | File: C:\OpenServer\domains\new-ishop\public\index.php |
            Line: 14
=================
[2022-12-07 19:10:23] Error Message: Error | File: C:\OpenServer\domains\new-ishop\public\index.php |
            Line: 14
=================
[2022-12-07 19:13:42] Error Message: Error | File: C:\OpenServer\domains\new-ishop\public\index.php |
            Line: 14
=================
[2022-12-07 19:13:50] Error Message: Undefined variable $test123 | File: C:\OpenServer\domains\new-ishop\public\index.php |
            Line: 16
=================
[2022-12-07 19:15:32] Error Message: Undefined variable $test123 | File: C:\OpenServer\domains\new-ishop\public\index.php |
            Line: 16
=================
[2022-12-07 19:15:45] Error Message: Error | File: C:\OpenServer\domains\new-ishop\public\index.php |
            Line: 14
=================
[2022-12-07 19:15:49] Error Message: Error | File: C:\OpenServer\domains\new-ishop\public\index.php |
            Line: 14
=================
[2022-12-13 17:39:02] Error Message: Unsupported operand types: string + string | File: C:\OpenServer\domains\new-ishop\vendor\core\Router.php |
            Line: 47
=================
[2022-12-14 15:04:04] Error Message: Class "Exeption" not found | File: E:\OpenServer\domains\new-ishop\vendor\core\Router.php |
            Line: 28
=================
[2022-12-14 15:04:06] Error Message: Class "Exeption" not found | File: E:\OpenServer\domains\new-ishop\vendor\core\Router.php |
            Line: 28
=================
[2022-12-14 15:05:34] Error Message: Page not found!!! | File: E:\OpenServer\domains\new-ishop\vendor\core\Router.php |
            Line: 28
=================
[2022-12-14 15:05:36] Error Message: Page not found!!! | File: E:\OpenServer\domains\new-ishop\vendor\core\Router.php |
            Line: 28
=================
[2022-12-14 15:38:45] Error Message: Controller app\controllers\admin\MainController not found!!! | File: E:\OpenServer\domains\new-ishop\vendor\core\Router.php |
            Line: 33
=================
[2022-12-14 15:38:49] Error Message: Controller app\controllers\MainController not found!!! | File: E:\OpenServer\domains\new-ishop\vendor\core\Router.php |
            Line: 33
=================
[2022-12-14 15:40:34] Error Message: Controller app\controllers\MainController not found!!! | File: E:\OpenServer\domains\new-ishop\vendor\core\Router.php |
            Line: 38
=================
[2022-12-14 15:40:39] Error Message: Controller app\controllers\MainController not found!!! | File: E:\OpenServer\domains\new-ishop\vendor\core\Router.php |
            Line: 38
=================
[2022-12-14 15:44:20] Error Message: Controller app\controllers\MainController not found!!! | File: E:\OpenServer\domains\new-ishop\vendor\core\Router.php |
            Line: 38
=================
[2022-12-14 15:44:22] Error Message: Controller app\controllers\MainController not found!!! | File: E:\OpenServer\domains\new-ishop\vendor\core\Router.php |
            Line: 38
=================
[2022-12-14 15:45:08] Error Message: Method app\controllers\MainController::indexAction not found!!! | File: E:\OpenServer\domains\new-ishop\vendor\core\Router.php |
            Line: 34
=================
[2022-12-14 15:49:00] Error Message: syntax error, unexpected token "class", expecting "{" | File: E:\OpenServer\domains\new-ishop\app\controllers\PageController.php |
            Line: 5
=================
[2022-12-14 15:52:17] Error Message: syntax error, unexpected identifier "indexAction", expecting variable | File: E:\OpenServer\domains\new-ishop\app\controllers\admin\MainController.php |
            Line: 7
=================
[2022-12-14 15:52:33] Error Message: Controller app\controllers\admin\IndexController not found!!! | File: E:\OpenServer\domains\new-ishop\vendor\core\Router.php |
            Line: 38
=================
[2022-12-14 15:52:41] Error Message: syntax error, unexpected identifier "indexAction", expecting variable | File: E:\OpenServer\domains\new-ishop\app\controllers\admin\MainController.php |
            Line: 7
=================
[2022-12-14 17:09:48] Error Message: preg_match(): Allocation of JIT memory failed, PCRE JIT will be disabled. This is likely caused by security restrictions. Either grant PHP permission to allocate executable memory, or set pcre.jit=0 | File: E:\OpenServer\domains\new-ishop\vendor\core\Router.php |
            Line: 48
=================
[2022-12-14 17:09:49] Error Message: Page not found!!! | File: E:\OpenServer\domains\new-ishop\vendor\core\Router.php |
            Line: 42
=================
[2022-12-14 17:21:54] Error Message: Controller app\controllers\admin\AfaewfController not found!!! | File: E:\OpenServer\domains\new-ishop\vendor\core\Router.php |
            Line: 37
=================
[2022-12-14 17:22:14] Error Message: Page not found!!! | File: E:\OpenServer\domains\new-ishop\vendor\core\Router.php |
            Line: 41
=================
[2022-12-14 17:22:50] Error Message: Page not found!!! | File: E:\OpenServer\domains\new-ishop\vendor\core\Router.php |
            Line: 41
=================
[2022-12-14 17:23:20] Error Message: Page not found!!! | File: E:\OpenServer\domains\new-ishop\vendor\core\Router.php |
            Line: 41
=================
[2022-12-14 17:27:17] Error Message: Call to undefined function core\removeQueryString() | File: E:\OpenServer\domains\new-ishop\vendor\core\Router.php |
            Line: 25
=================
[2022-12-14 17:28:15] Error Message: Call to undefined function core\removeQueryString() | File: E:\OpenServer\domains\new-ishop\vendor\core\Router.php |
            Line: 25
=================
[2022-12-14 17:28:27] Error Message: Call to undefined function core\removeQueryString() | File: E:\OpenServer\domains\new-ishop\vendor\core\Router.php |
            Line: 33
=================
[2022-12-14 17:37:56] Error Message: Uninitialized string offset 0 | File: E:\OpenServer\domains\new-ishop\vendor\core\Router.php |
            Line: 33
=================
[2022-12-14 18:23:14] Error Message: syntax error, unexpected token "=", expecting "]" | File: E:\OpenServer\domains\new-ishop\vendor\core\Controller.php |
            Line: 8
=================
[2022-12-14 18:45:01] Error Message: syntax error, unexpected token "}" | File: E:\OpenServer\domains\new-ishop\vendor\core\Controller.php |
            Line: 39
=================
[2022-12-14 21:08:42] Error Message: Page not found!!! | File: E:\OpenServer\domains\new-ishop\vendor\core\Router.php |
            Line: 57
=================
[2022-12-14 21:37:22] Error Message: Controller app\controllers\admin\MainController not found!!! | File: E:\OpenServer\domains\new-ishop\vendor\core\Router.php |
            Line: 54
=================
[2022-12-14 21:37:23] Error Message: Page not found!!! | File: E:\OpenServer\domains\new-ishop\vendor\core\Router.php |
            Line: 58
=================
[2022-12-14 21:37:29] Error Message: Controller app\controllers\admin\MainController not found!!! | File: E:\OpenServer\domains\new-ishop\vendor\core\Router.php |
            Line: 54
=================
[2022-12-14 21:37:33] Error Message: Controller app\controllers\admin\MainController not found!!! | File: E:\OpenServer\domains\new-ishop\vendor\core\Router.php |
            Line: 54
=================
[2022-12-14 21:37:37] Error Message: Controller app\controllers\admin\TestController not found!!! | File: E:\OpenServer\domains\new-ishop\vendor\core\Router.php |
            Line: 54
=================
[2022-12-14 21:37:41] Error Message: Controller app\controllers\admin\TestController not found!!! | File: E:\OpenServer\domains\new-ishop\vendor\core\Router.php |
            Line: 54
=================
[2022-12-14 21:37:49] Error Message: Controller app\controllers\admin\MainController not found!!! | File: E:\OpenServer\domains\new-ishop\vendor\core\Router.php |
            Line: 54
=================
[2022-12-14 21:37:49] Error Message: Controller app\controllers\admin\MainController not found!!! | File: E:\OpenServer\domains\new-ishop\vendor\core\Router.php |
            Line: 54
=================
[2022-12-14 21:38:37] Error Message: Call to undefined method app\controllers\admin\MainController::getModel() | File: E:\OpenServer\domains\new-ishop\vendor\core\Router.php |
            Line: 44
=================
[2022-12-14 21:39:01] Error Message: Call to undefined method app\controllers\admin\MainController::getModel() | File: E:\OpenServer\domains\new-ishop\vendor\core\Router.php |
            Line: 44
=================
[2022-12-14 21:39:04] Error Message: Controller app\controllers\admin\TestController not found!!! | File: E:\OpenServer\domains\new-ishop\vendor\core\Router.php |
            Line: 54
=================
[2022-12-14 21:39:13] Error Message: Call to undefined method app\controllers\admin\MainController::getModel() | File: E:\OpenServer\domains\new-ishop\vendor\core\Router.php |
            Line: 44
=================
[2022-12-14 21:42:21] Error Message: Class "app\controllers\admin\Controller" not found | File: E:\OpenServer\domains\new-ishop\app\controllers\admin\MainController.php |
            Line: 7
=================
[2022-12-14 22:10:28] Error Message: Не найден вид E:\OpenServer\domains\new-ishop/app/views/Main/index.php | File: E:\OpenServer\domains\new-ishop\vendor\core\View.php |
            Line: 30
=================
[2022-12-15 11:31:22] Error Message: Page not found!!! | File: E:\OpenServer\domains\new-ishop\vendor\core\Router.php |
            Line: 58
=================
[2022-12-15 12:12:28] Error Message: Не найден шаблон E:\OpenServer\domains\new-ishop/app/views/layouts/ishop.php | File: E:\OpenServer\domains\new-ishop\vendor\core\View.php |
            Line: 40
=================
[2022-12-15 12:16:23] Error Message: Не найден шаблон E:\OpenServer\domains\new-ishop/app/views/layouts/main.php | File: E:\OpenServer\domains\new-ishop\vendor\core\View.php |
            Line: 40
=================
[2022-12-15 12:17:12] Error Message: Type of app\controllers\MainController::$layout must be string|false (as in class core\Controller) | File: E:\OpenServer\domains\new-ishop\app\controllers\MainController.php |
            Line: 7
=================
[2022-12-15 12:17:40] Error Message: Не найден шаблон E:\OpenServer\domains\new-ishop/app/views/layouts/test2.php | File: E:\OpenServer\domains\new-ishop\vendor\core\View.php |
            Line: 40
=================
[2022-12-15 12:20:53] Error Message: Не найден шаблон E:\OpenServer\domains\new-ishop/app/views/layouts/test2.php | File: E:\OpenServer\domains\new-ishop\vendor\core\View.php |
            Line: 40
=================
[2022-12-15 12:21:01] Error Message: Page not found!!! | File: E:\OpenServer\domains\new-ishop\vendor\core\Router.php |
            Line: 58
=================
[2022-12-15 12:21:01] Error Message: Page not found!!! | File: E:\OpenServer\domains\new-ishop\vendor\core\Router.php |
            Line: 58
=================
[2022-12-15 12:25:20] Error Message: Page not found!!! | File: E:\OpenServer\domains\new-ishop\vendor\core\Router.php |
            Line: 58
=================
[2022-12-15 12:25:20] Error Message: Page not found!!! | File: E:\OpenServer\domains\new-ishop\vendor\core\Router.php |
            Line: 58
=================
[2022-12-15 12:27:03] Error Message: Page not found!!! | File: E:\OpenServer\domains\new-ishop\vendor\core\Router.php |
            Line: 58
=================
[2022-12-15 12:27:03] Error Message: Page not found!!! | File: E:\OpenServer\domains\new-ishop\vendor\core\Router.php |
            Line: 58
=================
[2022-12-15 12:28:06] Error Message: Page not found!!! | File: E:\OpenServer\domains\new-ishop\vendor\core\Router.php |
            Line: 58
=================
[2022-12-15 12:30:08] Error Message: Page not found!!! | File: E:\OpenServer\domains\new-ishop\vendor\core\Router.php |
            Line: 58
=================
[2022-12-15 12:30:22] Error Message: Page not found!!! | File: E:\OpenServer\domains\new-ishop\vendor\core\Router.php |
            Line: 58
=================
[2022-12-15 12:30:23] Error Message: Page not found!!! | File: E:\OpenServer\domains\new-ishop\vendor\core\Router.php |
            Line: 58
=================
[2022-12-15 12:30:48] Error Message: Page not found!!! | File: E:\OpenServer\domains\new-ishop\vendor\core\Router.php |
            Line: 58
=================
[2022-12-15 12:31:22] Error Message: Page not found!!! | File: E:\OpenServer\domains\new-ishop\vendor\core\Router.php |
            Line: 58
=================
[2022-12-15 12:32:22] Error Message: Page not found!!! | File: E:\OpenServer\domains\new-ishop\vendor\core\Router.php |
            Line: 58
=================
[2022-12-15 12:33:41] Error Message: Page not found!!! | File: E:\OpenServer\domains\new-ishop\vendor\core\Router.php |
            Line: 58
=================
[2022-12-15 12:33:56] Error Message: Page not found!!! | File: E:\OpenServer\domains\new-ishop\vendor\core\Router.php |
            Line: 58
=================
[2022-12-15 12:34:24] Error Message: Page not found!!! | File: E:\OpenServer\domains\new-ishop\vendor\core\Router.php |
            Line: 58
=================
[2022-12-15 12:35:28] Error Message: Page not found!!! | File: E:\OpenServer\domains\new-ishop\vendor\core\Router.php |
            Line: 58
=================
[2022-12-15 12:35:41] Error Message: Page not found!!! | File: E:\OpenServer\domains\new-ishop\vendor\core\Router.php |
            Line: 58
=================
[2022-12-15 12:36:00] Error Message: Page not found!!! | File: E:\OpenServer\domains\new-ishop\vendor\core\Router.php |
            Line: 58
=================
[2022-12-15 12:36:00] Error Message: Page not found!!! | File: E:\OpenServer\domains\new-ishop\vendor\core\Router.php |
            Line: 58
=================
[2022-12-15 12:36:01] Error Message: Page not found!!! | File: E:\OpenServer\domains\new-ishop\vendor\core\Router.php |
            Line: 58
=================
[2022-12-15 12:37:23] Error Message: Page not found!!! | File: E:\OpenServer\domains\new-ishop\vendor\core\Router.php |
            Line: 58
=================
[2022-12-15 12:39:13] Error Message: Page not found!!! | File: E:\OpenServer\domains\new-ishop\vendor\core\Router.php |
            Line: 58
=================
[2022-12-15 12:39:28] Error Message: Page not found!!! | File: E:\OpenServer\domains\new-ishop\vendor\core\Router.php |
            Line: 58
=================
[2022-12-15 12:45:15] Error Message: Page not found!!! | File: E:\OpenServer\domains\new-ishop\vendor\core\Router.php |
            Line: 58
=================
[2022-12-15 15:49:04] Error Message: Page not found!!! | File: E:\OpenServer\domains\new-ishop\vendor\core\Router.php |
            Line: 58
=================
[2022-12-15 15:49:07] Error Message: Page not found!!! | File: E:\OpenServer\domains\new-ishop\vendor\core\Router.php |
            Line: 58
=================
[2022-12-15 16:00:28] Error Message: Page not found!!! | File: E:\OpenServer\domains\new-ishop\vendor\core\Router.php |
            Line: 58
=================
[2022-12-15 16:01:17] Error Message: Undefined property: core\View::$title | File: E:\OpenServer\domains\new-ishop\app\views\layouts\ishop.php |
            Line: 15
=================
[2022-12-15 16:01:39] Error Message: Page not found!!! | File: E:\OpenServer\domains\new-ishop\vendor\core\Router.php |
            Line: 58
=================
[2022-12-15 16:04:15] Error Message: Page not found!!! | File: E:\OpenServer\domains\new-ishop\vendor\core\Router.php |
            Line: 58
=================
[2022-12-15 16:04:41] Error Message: Page not found!!! | File: E:\OpenServer\domains\new-ishop\vendor\core\Router.php |
            Line: 58
=================
[2022-12-15 16:04:54] Error Message: Page not found!!! | File: E:\OpenServer\domains\new-ishop\vendor\core\Router.php |
            Line: 58
=================
[2022-12-15 16:16:04] Error Message: Page not found!!! | File: E:\OpenServer\domains\new-ishop\vendor\core\Router.php |
            Line: 58
=================
[2022-12-15 16:16:50] Error Message: Page not found!!! | File: E:\OpenServer\domains\new-ishop\vendor\core\Router.php |
            Line: 58
=================
[2022-12-15 16:17:13] Error Message: Page not found!!! | File: E:\OpenServer\domains\new-ishop\vendor\core\Router.php |
            Line: 58
=================
[2022-12-15 16:17:19] Error Message: Page not found!!! | File: E:\OpenServer\domains\new-ishop\vendor\core\Router.php |
            Line: 58
=================
[2022-12-15 16:50:33] Error Message: Undefined variable $test | File: E:\OpenServer\domains\new-ishop\app\views\Main\index.php |
            Line: 4
=================
[2022-12-15 16:51:28] Error Message: syntax error, unexpected token "=>", expecting ")" | File: E:\OpenServer\domains\new-ishop\app\controllers\MainController.php |
            Line: 15
=================
[2022-12-15 16:54:49] Error Message: syntax error, unexpected token ".", expecting end of file | File: E:\OpenServer\domains\new-ishop\app\views\Main\index.php |
            Line: 3
=================
[2022-12-15 16:57:54] Error Message: compact(): Undefined variable $Vasy | File: E:\OpenServer\domains\new-ishop\app\controllers\MainController.php |
            Line: 17
=================
[2022-12-15 16:58:19] Error Message: compact(): Undefined variable $Vasy | File: E:\OpenServer\domains\new-ishop\app\controllers\MainController.php |
            Line: 17
=================
[2022-12-15 16:58:55] Error Message: Undefined variable $test | File: E:\OpenServer\domains\new-ishop\app\views\Main\index.php |
            Line: 3
=================
[2022-12-15 16:59:08] Error Message: Undefined variable $name | File: E:\OpenServer\domains\new-ishop\app\views\Main\index.php |
            Line: 3
=================
[2022-12-15 16:59:45] Error Message: Call to undefined function dbug() | File: E:\OpenServer\domains\new-ishop\app\views\Main\index.php |
            Line: 3
=================
[2022-12-16 16:37:13] Error Message: Page not found!!! | File: E:\OpenServer\domains\new-ishop\vendor\core\Router.php |
            Line: 58
=================
[2022-12-16 17:47:20] Error Message: Class "core\Mode" not found | File: E:\OpenServer\domains\new-ishop\app\models\Main.php |
            Line: 5
=================
[2022-12-16 17:47:45] Error Message: Class "core\Model" not found | File: E:\OpenServer\domains\new-ishop\app\models\Main.php |
            Line: 5
=================
[2022-12-16 17:47:58] Error Message: The use statement with non-compound name 'core' has no effect | File: E:\OpenServer\domains\new-ishop\app\models\Main.php |
            Line: 3
=================
[2022-12-16 17:48:36] Error Message: Class "core\Model" not found | File: E:\OpenServer\domains\new-ishop\app\models\Main.php |
            Line: 3
=================
[2022-12-16 17:49:05] Error Message: compact(): Undefined variable $names | File: E:\OpenServer\domains\new-ishop\app\controllers\MainController.php |
            Line: 17
=================
[2022-12-16 17:53:23] Error Message: Class "app\controllers\R" not found | File: E:\OpenServer\domains\new-ishop\app\controllers\MainController.php |
            Line: 16
=================
[2022-12-16 17:53:48] Error Message: Class "app\controllers\R" not found | File: E:\OpenServer\domains\new-ishop\app\controllers\MainController.php |
            Line: 17
=================
[2022-12-16 17:54:14] Error Message: Call to a member function find() on null | File: E:\OpenServer\domains\new-ishop\vendor\gabordemooij\redbean\RedBeanPHP\Facade.php |
            Line: 1025
=================
[2022-12-16 17:55:36] Error Message: Trait "core\TSingleton" not found | File: E:\OpenServer\domains\new-ishop\vendor\core\Db.php |
            Line: 7
=================
[2022-12-16 17:56:34] Error Message: Trait "core\TSingleton" not found | File: E:\OpenServer\domains\new-ishop\vendor\core\Db.php |
            Line: 8
=================
[2022-12-16 18:03:27] Error Message: Undefined array key 0 | File: E:\OpenServer\domains\new-ishop\app\views\Main\index.php |
            Line: 7
=================
[2022-12-19 15:37:45] Error Message: Page not found!!! | File: E:\OpenServer\domains\new-ishop\vendor\core\Router.php |
            Line: 58
=================
[2022-12-19 15:46:53] Error Message: syntax error, unexpected token "=>" | File: E:\OpenServer\domains\new-ishop\app\views\Main\index.php |
            Line: 4
=================
[2022-12-19 16:49:53] Error Message: Class "app\controllers\R" not found | File: E:\OpenServer\domains\new-ishop\app\controllers\MainController.php |
            Line: 22
=================
[2022-12-19 17:06:08] Error Message: syntax error, unexpected token "<", expecting end of file | File: E:\OpenServer\domains\new-ishop\app\views\layouts\ishop.php |
            Line: 13
=================
[2022-12-19 17:06:37] Error Message: require_once(parts/header.php): Failed to open stream: No such file or directory | File: E:\OpenServer\domains\new-ishop\app\views\layouts\ishop.php |
            Line: 9
=================
[2022-12-19 17:07:01] Error Message: require_once(/parts/header.php): Failed to open stream: No such file or directory | File: E:\OpenServer\domains\new-ishop\app\views\layouts\ishop.php |
            Line: 9
=================
[2022-12-19 17:07:11] Error Message: require_once(../parts/header.php): Failed to open stream: No such file or directory | File: E:\OpenServer\domains\new-ishop\app\views\layouts\ishop.php |
            Line: 9
=================
[2022-12-19 17:09:57] Error Message: require_once(../parts/header.php): Failed to open stream: No such file or directory | File: E:\OpenServer\domains\new-ishop\app\views\Main\index.php |
            Line: 1
=================
[2022-12-19 17:10:20] Error Message: require_once(parts/header.php): Failed to open stream: No such file or directory | File: E:\OpenServer\domains\new-ishop\app\views\Main\index.php |
            Line: 1
=================
[2022-12-19 17:10:28] Error Message: require_once(/parts/header.php): Failed to open stream: No such file or directory | File: E:\OpenServer\domains\new-ishop\app\views\Main\index.php |
            Line: 1
=================
[2022-12-19 17:10:51] Error Message: require_once(/../parts/header.php): Failed to open stream: No such file or directory | File: E:\OpenServer\domains\new-ishop\app\views\Main\index.php |
            Line: 1
=================
[2022-12-19 17:11:05] Error Message: require_once(../parts/header.php): Failed to open stream: No such file or directory | File: E:\OpenServer\domains\new-ishop\app\views\Main\index.php |
            Line: 1
=================
[2022-12-19 17:26:04] Error Message: require(E:\OpenServer\domains\new-ishop/app/views/header.php): Failed to open stream: No such file or directory | File: E:\OpenServer\domains\new-ishop\app\views\layouts\ishop.php |
            Line: 11
=================
[2022-12-20 11:53:28] Error Message: Page not found!!! | File: E:\OpenServer\domains\new-ishop\vendor\core\Router.php |
            Line: 58
=================
[2022-12-20 12:09:40] Error Message: Page not found!!! | File: E:\OpenServer\domains\new-ishop\vendor\core\Router.php |
            Line: 58
=================
[2022-12-20 12:10:38] Error Message: Page not found!!! | File: E:\OpenServer\domains\new-ishop\vendor\core\Router.php |
            Line: 58
=================
[2022-12-20 12:14:23] Error Message: Page not found!!! | File: E:\OpenServer\domains\new-ishop\vendor\core\Router.php |
            Line: 58
=================
[2022-12-20 12:14:36] Error Message: Page not found!!! | File: E:\OpenServer\domains\new-ishop\vendor\core\Router.php |
            Line: 58
=================
[2022-12-20 12:14:41] Error Message: Controller app\controllers\AfsdfawfController not found!!! | File: E:\OpenServer\domains\new-ishop\vendor\core\Router.php |
            Line: 54
=================
[2022-12-20 12:15:31] Error Message: Controller app\controllers\AfsdfawfController not found!!! | File: E:\OpenServer\domains\new-ishop\vendor\core\Router.php |
            Line: 54
=================
[2022-12-20 12:15:33] Error Message: Controller app\controllers\AfsdfawfController not found!!! | File: E:\OpenServer\domains\new-ishop\vendor\core\Router.php |
            Line: 54
=================
[2022-12-20 12:22:11] Error Message: Controller app\controllers\AfsdfawfController not found!!! | File: E:\OpenServer\domains\new-ishop\vendor\core\Router.php |
            Line: 55
=================
[2022-12-20 12:22:26] Error Message: Controller app\controllers\AfsdfawfController not found!!! | File: E:\OpenServer\domains\new-ishop\vendor\core\Router.php |
            Line: 55
=================
[2022-12-20 12:23:00] Error Message: Controller app\controllers\AfsdfawfController not found!!! | File: E:\OpenServer\domains\new-ishop\vendor\core\Router.php |
            Line: 55
=================
[2022-12-20 12:23:09] Error Message: Controller app\controllers\AfsdfawfController not found!!! | File: E:\OpenServer\domains\new-ishop\vendor\core\Router.php |
            Line: 55
=================
[2022-12-20 12:23:19] Error Message: Controller app\controllers\AfsdfawfController not found!!! | File: E:\OpenServer\domains\new-ishop\vendor\core\Router.php |
            Line: 55
=================
[2022-12-20 12:23:50] Error Message: Controller app\controllers\AfsdfawfController not found!!! | File: E:\OpenServer\domains\new-ishop\vendor\core\Router.php |
            Line: 55
=================
[2022-12-20 12:26:12] Error Message: Controller app\controllers\AfsdfawfController not found!!! | File: E:\OpenServer\domains\new-ishop\vendor\core\Router.php |
            Line: 55
=================
[2022-12-20 12:29:53] Error Message: Controller app\controllers\AfsdfawfController not found!!! | File: E:\OpenServer\domains\new-ishop\vendor\core\Router.php |
            Line: 54
=================
[2022-12-20 12:30:46] Error Message: Controller app\controllers\AfsdfawfController not found!!! | File: E:\OpenServer\domains\new-ishop\vendor\core\Router.php |
            Line: 54
=================
[2022-12-20 12:31:17] Error Message: Controller app\controllers\AfsdfawfController not found!!! | File: E:\OpenServer\domains\new-ishop\vendor\core\Router.php |
            Line: 54
=================
[2022-12-20 12:35:52] Error Message: Controller app\controllers\AfsdfawfController not found!!! | File: E:\OpenServer\domains\new-ishop\vendor\core\Router.php |
            Line: 57
=================
[2022-12-20 17:12:12] Error Message: Page not found!!! | File: E:\OpenServer\domains\new-ishop\vendor\core\Router.php |
            Line: 59
=================
[2022-12-20 17:30:14] Error Message: Page not found!!! | File: E:\OpenServer\domains\new-ishop\vendor\core\Router.php |
            Line: 59
=================
[2022-12-20 17:30:17] Error Message: Page not found!!! | File: E:\OpenServer\domains\new-ishop\vendor\core\Router.php |
            Line: 59
=================
[2022-12-20 17:30:18] Error Message: Page not found!!! | File: E:\OpenServer\domains\new-ishop\vendor\core\Router.php |
            Line: 59
=================
[2022-12-20 17:30:18] Error Message: Page not found!!! | File: E:\OpenServer\domains\new-ishop\vendor\core\Router.php |
            Line: 59
=================
[2022-12-20 17:30:19] Error Message: Page not found!!! | File: E:\OpenServer\domains\new-ishop\vendor\core\Router.php |
            Line: 59
=================
[2022-12-20 17:30:19] Error Message: Page not found!!! | File: E:\OpenServer\domains\new-ishop\vendor\core\Router.php |
            Line: 59
=================
[2022-12-20 17:30:19] Error Message: Page not found!!! | File: E:\OpenServer\domains\new-ishop\vendor\core\Router.php |
            Line: 59
=================
[2022-12-20 17:30:19] Error Message: Page not found!!! | File: E:\OpenServer\domains\new-ishop\vendor\core\Router.php |
            Line: 59
=================
[2022-12-20 17:30:19] Error Message: Page not found!!! | File: E:\OpenServer\domains\new-ishop\vendor\core\Router.php |
            Line: 59
=================
[2022-12-20 17:30:19] Error Message: Page not found!!! | File: E:\OpenServer\domains\new-ishop\vendor\core\Router.php |
            Line: 59
=================
[2022-12-20 17:30:19] Error Message: Page not found!!! | File: E:\OpenServer\domains\new-ishop\vendor\core\Router.php |
            Line: 59
=================
[2022-12-20 17:30:20] Error Message: Page not found!!! | File: E:\OpenServer\domains\new-ishop\vendor\core\Router.php |
            Line: 59
=================
[2022-12-20 17:30:20] Error Message: Page not found!!! | File: E:\OpenServer\domains\new-ishop\vendor\core\Router.php |
            Line: 59
=================
[2022-12-20 17:30:20] Error Message: Page not found!!! | File: E:\OpenServer\domains\new-ishop\vendor\core\Router.php |
            Line: 59
=================
[2022-12-20 17:30:26] Error Message: Page not found!!! | File: E:\OpenServer\domains\new-ishop\vendor\core\Router.php |
            Line: 59
=================
[2022-12-20 17:30:26] Error Message: Page not found!!! | File: E:\OpenServer\domains\new-ishop\vendor\core\Router.php |
            Line: 59
=================
[2022-12-20 17:30:26] Error Message: Page not found!!! | File: E:\OpenServer\domains\new-ishop\vendor\core\Router.php |
            Line: 59
=================
[2022-12-20 17:30:26] Error Message: Page not found!!! | File: E:\OpenServer\domains\new-ishop\vendor\core\Router.php |
            Line: 59
=================
[2022-12-20 17:45:31] Error Message: Page not found!!! | File: E:\OpenServer\domains\new-ishop\vendor\core\Router.php |
            Line: 59
=================
[2022-12-20 17:45:32] Error Message: Page not found!!! | File: E:\OpenServer\domains\new-ishop\vendor\core\Router.php |
            Line: 59
=================
[2022-12-20 17:45:32] Error Message: Page not found!!! | File: E:\OpenServer\domains\new-ishop\vendor\core\Router.php |
            Line: 59
=================
[2022-12-20 17:45:32] Error Message: Page not found!!! | File: E:\OpenServer\domains\new-ishop\vendor\core\Router.php |
            Line: 59
=================
[2022-12-20 17:45:32] Error Message: Page not found!!! | File: E:\OpenServer\domains\new-ishop\vendor\core\Router.php |
            Line: 59
=================
[2022-12-20 17:45:32] Error Message: Page not found!!! | File: E:\OpenServer\domains\new-ishop\vendor\core\Router.php |
            Line: 59
=================
[2022-12-20 17:45:32] Error Message: Page not found!!! | File: E:\OpenServer\domains\new-ishop\vendor\core\Router.php |
            Line: 59
=================
[2022-12-20 17:45:32] Error Message: Page not found!!! | File: E:\OpenServer\domains\new-ishop\vendor\core\Router.php |
            Line: 59
=================
[2022-12-20 17:45:32] Error Message: Page not found!!! | File: E:\OpenServer\domains\new-ishop\vendor\core\Router.php |
            Line: 59
=================
[2022-12-20 17:45:32] Error Message: Page not found!!! | File: E:\OpenServer\domains\new-ishop\vendor\core\Router.php |
            Line: 59
=================
[2022-12-20 17:45:32] Error Message: Page not found!!! | File: E:\OpenServer\domains\new-ishop\vendor\core\Router.php |
            Line: 59
=================
[2022-12-20 17:45:32] Error Message: Page not found!!! | File: E:\OpenServer\domains\new-ishop\vendor\core\Router.php |
            Line: 59
=================
[2022-12-20 17:45:32] Error Message: Page not found!!! | File: E:\OpenServer\domains\new-ishop\vendor\core\Router.php |
            Line: 59
=================
[2022-12-20 17:45:32] Error Message: Page not found!!! | File: E:\OpenServer\domains\new-ishop\vendor\core\Router.php |
            Line: 59
=================
[2022-12-20 17:45:32] Error Message: Page not found!!! | File: E:\OpenServer\domains\new-ishop\vendor\core\Router.php |
            Line: 59
=================
[2022-12-20 17:45:32] Error Message: Page not found!!! | File: E:\OpenServer\domains\new-ishop\vendor\core\Router.php |
            Line: 59
=================
[2022-12-20 17:45:32] Error Message: Page not found!!! | File: E:\OpenServer\domains\new-ishop\vendor\core\Router.php |
            Line: 59
=================
[2022-12-20 17:45:32] Error Message: Page not found!!! | File: E:\OpenServer\domains\new-ishop\vendor\core\Router.php |
            Line: 59
=================
[2022-12-20 17:45:33] Error Message: Page not found!!! | File: E:\OpenServer\domains\new-ishop\vendor\core\Router.php |
            Line: 59
=================
[2022-12-20 21:12:31] Error Message: Page not found!!! | File: E:\OpenServer\domains\new-ishop\vendor\core\Router.php |
            Line: 59
=================
[2022-12-20 21:12:31] Error Message: Page not found!!! | File: E:\OpenServer\domains\new-ishop\vendor\core\Router.php |
            Line: 59
=================
[2022-12-20 21:12:31] Error Message: Page not found!!! | File: E:\OpenServer\domains\new-ishop\vendor\core\Router.php |
            Line: 59
=================
[2022-12-20 21:12:31] Error Message: Page not found!!! | File: E:\OpenServer\domains\new-ishop\vendor\core\Router.php |
            Line: 59
=================
[2022-12-20 21:12:31] Error Message: Page not found!!! | File: E:\OpenServer\domains\new-ishop\vendor\core\Router.php |
            Line: 59
=================
[2022-12-20 21:12:31] Error Message: Page not found!!! | File: E:\OpenServer\domains\new-ishop\vendor\core\Router.php |
            Line: 59
=================
[2022-12-20 21:12:31] Error Message: Page not found!!! | File: E:\OpenServer\domains\new-ishop\vendor\core\Router.php |
            Line: 59
=================
[2022-12-20 21:12:31] Error Message: Page not found!!! | File: E:\OpenServer\domains\new-ishop\vendor\core\Router.php |
            Line: 59
=================
[2022-12-20 21:12:31] Error Message: Page not found!!! | File: E:\OpenServer\domains\new-ishop\vendor\core\Router.php |
            Line: 59
=================
[2022-12-20 21:12:31] Error Message: Page not found!!! | File: E:\OpenServer\domains\new-ishop\vendor\core\Router.php |
            Line: 59
=================
[2022-12-20 21:12:31] Error Message: Page not found!!! | File: E:\OpenServer\domains\new-ishop\vendor\core\Router.php |
            Line: 59
=================
[2022-12-20 21:12:31] Error Message: Page not found!!! | File: E:\OpenServer\domains\new-ishop\vendor\core\Router.php |
            Line: 59
=================
[2022-12-20 21:12:31] Error Message: Page not found!!! | File: E:\OpenServer\domains\new-ishop\vendor\core\Router.php |
            Line: 59
=================
[2022-12-20 21:12:31] Error Message: Page not found!!! | File: E:\OpenServer\domains\new-ishop\vendor\core\Router.php |
            Line: 59
=================
[2022-12-20 21:12:33] Error Message: Page not found!!! | File: E:\OpenServer\domains\new-ishop\vendor\core\Router.php |
            Line: 59
=================
[2022-12-20 21:12:33] Error Message: Page not found!!! | File: E:\OpenServer\domains\new-ishop\vendor\core\Router.php |
            Line: 59
=================
[2022-12-20 21:12:33] Error Message: Page not found!!! | File: E:\OpenServer\domains\new-ishop\vendor\core\Router.php |
            Line: 59
=================
[2022-12-20 21:14:32] Error Message: Page not found!!! | File: E:\OpenServer\domains\new-ishop\vendor\core\Router.php |
            Line: 59
=================
[2022-12-20 21:14:32] Error Message: Page not found!!! | File: E:\OpenServer\domains\new-ishop\vendor\core\Router.php |
            Line: 59
=================
[2022-12-20 21:14:32] Error Message: Page not found!!! | File: E:\OpenServer\domains\new-ishop\vendor\core\Router.php |
            Line: 59
=================
[2022-12-20 21:14:32] Error Message: Page not found!!! | File: E:\OpenServer\domains\new-ishop\vendor\core\Router.php |
            Line: 59
=================
[2022-12-20 21:14:32] Error Message: Page not found!!! | File: E:\OpenServer\domains\new-ishop\vendor\core\Router.php |
            Line: 59
=================
[2022-12-20 21:14:32] Error Message: Page not found!!! | File: E:\OpenServer\domains\new-ishop\vendor\core\Router.php |
            Line: 59
=================
[2022-12-20 21:14:32] Error Message: Page not found!!! | File: E:\OpenServer\domains\new-ishop\vendor\core\Router.php |
            Line: 59
=================
[2022-12-20 21:14:32] Error Message: Page not found!!! | File: E:\OpenServer\domains\new-ishop\vendor\core\Router.php |
            Line: 59
=================
[2022-12-20 21:14:32] Error Message: Page not found!!! | File: E:\OpenServer\domains\new-ishop\vendor\core\Router.php |
            Line: 59
=================
[2022-12-20 21:14:32] Error Message: Page not found!!! | File: E:\OpenServer\domains\new-ishop\vendor\core\Router.php |
            Line: 59
=================
[2022-12-20 21:14:32] Error Message: Page not found!!! | File: E:\OpenServer\domains\new-ishop\vendor\core\Router.php |
            Line: 59
=================
[2022-12-20 21:14:32] Error Message: Page not found!!! | File: E:\OpenServer\domains\new-ishop\vendor\core\Router.php |
            Line: 59
=================
[2022-12-20 21:14:33] Error Message: Page not found!!! | File: E:\OpenServer\domains\new-ishop\vendor\core\Router.php |
            Line: 59
=================
[2022-12-20 21:14:33] Error Message: Page not found!!! | File: E:\OpenServer\domains\new-ishop\vendor\core\Router.php |
            Line: 59
=================
[2022-12-20 21:14:33] Error Message: Page not found!!! | File: E:\OpenServer\domains\new-ishop\vendor\core\Router.php |
            Line: 59
=================
[2022-12-20 21:14:33] Error Message: Page not found!!! | File: E:\OpenServer\domains\new-ishop\vendor\core\Router.php |
            Line: 59
=================
[2022-12-20 21:19:31] Error Message: Page not found!!! | File: E:\OpenServer\domains\new-ishop\vendor\core\Router.php |
            Line: 59
=================
[2022-12-20 21:19:31] Error Message: Page not found!!! | File: E:\OpenServer\domains\new-ishop\vendor\core\Router.php |
            Line: 59
=================
[2022-12-20 21:19:31] Error Message: Page not found!!! | File: E:\OpenServer\domains\new-ishop\vendor\core\Router.php |
            Line: 59
=================
[2022-12-20 21:19:31] Error Message: Page not found!!! | File: E:\OpenServer\domains\new-ishop\vendor\core\Router.php |
            Line: 59
=================
[2022-12-20 21:19:31] Error Message: Page not found!!! | File: E:\OpenServer\domains\new-ishop\vendor\core\Router.php |
            Line: 59
=================
[2022-12-20 21:19:31] Error Message: Page not found!!! | File: E:\OpenServer\domains\new-ishop\vendor\core\Router.php |
            Line: 59
=================
[2022-12-20 21:19:31] Error Message: Page not found!!! | File: E:\OpenServer\domains\new-ishop\vendor\core\Router.php |
            Line: 59
=================
[2022-12-20 21:19:31] Error Message: Page not found!!! | File: E:\OpenServer\domains\new-ishop\vendor\core\Router.php |
            Line: 59
=================
[2022-12-20 21:19:31] Error Message: Page not found!!! | File: E:\OpenServer\domains\new-ishop\vendor\core\Router.php |
            Line: 59
=================
[2022-12-20 21:19:31] Error Message: Page not found!!! | File: E:\OpenServer\domains\new-ishop\vendor\core\Router.php |
            Line: 59
=================
[2022-12-20 21:19:31] Error Message: Page not found!!! | File: E:\OpenServer\domains\new-ishop\vendor\core\Router.php |
            Line: 59
=================
[2022-12-20 21:19:31] Error Message: Page not found!!! | File: E:\OpenServer\domains\new-ishop\vendor\core\Router.php |
            Line: 59
=================
[2022-12-20 21:19:31] Error Message: Page not found!!! | File: E:\OpenServer\domains\new-ishop\vendor\core\Router.php |
            Line: 59
=================
[2022-12-20 21:19:31] Error Message: Page not found!!! | File: E:\OpenServer\domains\new-ishop\vendor\core\Router.php |
            Line: 59
=================
[2022-12-20 21:19:31] Error Message: Page not found!!! | File: E:\OpenServer\domains\new-ishop\vendor\core\Router.php |
            Line: 59
=================
[2022-12-20 21:19:31] Error Message: Page not found!!! | File: E:\OpenServer\domains\new-ishop\vendor\core\Router.php |
            Line: 59
=================
[2022-12-20 21:19:43] Error Message: Page not found!!! | File: E:\OpenServer\domains\new-ishop\vendor\core\Router.php |
            Line: 59
=================
[2022-12-20 21:19:44] Error Message: Page not found!!! | File: E:\OpenServer\domains\new-ishop\vendor\core\Router.php |
            Line: 59
=================
[2022-12-20 21:19:49] Error Message: Page not found!!! | File: E:\OpenServer\domains\new-ishop\vendor\core\Router.php |
            Line: 59
=================
[2022-12-20 21:19:49] Error Message: Page not found!!! | File: E:\OpenServer\domains\new-ishop\vendor\core\Router.php |
            Line: 59
=================
[2022-12-20 21:19:49] Error Message: Page not found!!! | File: E:\OpenServer\domains\new-ishop\vendor\core\Router.php |
            Line: 59
=================
[2022-12-20 21:19:49] Error Message: Page not found!!! | File: E:\OpenServer\domains\new-ishop\vendor\core\Router.php |
            Line: 59
=================
[2022-12-20 21:19:49] Error Message: Page not found!!! | File: E:\OpenServer\domains\new-ishop\vendor\core\Router.php |
            Line: 59
=================
[2022-12-20 21:19:50] Error Message: Page not found!!! | File: E:\OpenServer\domains\new-ishop\vendor\core\Router.php |
            Line: 59
=================
[2022-12-20 21:19:50] Error Message: Page not found!!! | File: E:\OpenServer\domains\new-ishop\vendor\core\Router.php |
            Line: 59
=================
[2022-12-20 21:19:50] Error Message: Page not found!!! | File: E:\OpenServer\domains\new-ishop\vendor\core\Router.php |
            Line: 59
=================
[2022-12-20 21:19:50] Error Message: Page not found!!! | File: E:\OpenServer\domains\new-ishop\vendor\core\Router.php |
            Line: 59
=================
[2022-12-20 21:19:50] Error Message: Page not found!!! | File: E:\OpenServer\domains\new-ishop\vendor\core\Router.php |
            Line: 59
=================
[2022-12-20 21:19:50] Error Message: Page not found!!! | File: E:\OpenServer\domains\new-ishop\vendor\core\Router.php |
            Line: 59
=================
[2022-12-20 21:19:50] Error Message: Page not found!!! | File: E:\OpenServer\domains\new-ishop\vendor\core\Router.php |
            Line: 59
=================
[2022-12-20 21:19:50] Error Message: Page not found!!! | File: E:\OpenServer\domains\new-ishop\vendor\core\Router.php |
            Line: 59
=================
[2022-12-20 21:19:50] Error Message: Page not found!!! | File: E:\OpenServer\domains\new-ishop\vendor\core\Router.php |
            Line: 59
=================
[2022-12-20 21:19:50] Error Message: Page not found!!! | File: E:\OpenServer\domains\new-ishop\vendor\core\Router.php |
            Line: 59
=================
[2022-12-20 21:21:00] Error Message: Page not found!!! | File: E:\OpenServer\domains\new-ishop\vendor\core\Router.php |
            Line: 59
=================
[2022-12-20 21:21:00] Error Message: Page not found!!! | File: E:\OpenServer\domains\new-ishop\vendor\core\Router.php |
            Line: 59
=================
[2022-12-20 21:21:00] Error Message: Page not found!!! | File: E:\OpenServer\domains\new-ishop\vendor\core\Router.php |
            Line: 59
=================
[2022-12-20 21:21:00] Error Message: Page not found!!! | File: E:\OpenServer\domains\new-ishop\vendor\core\Router.php |
            Line: 59
=================
[2022-12-20 21:21:00] Error Message: Page not found!!! | File: E:\OpenServer\domains\new-ishop\vendor\core\Router.php |
            Line: 59
=================
[2022-12-20 21:21:00] Error Message: Page not found!!! | File: E:\OpenServer\domains\new-ishop\vendor\core\Router.php |
            Line: 59
=================
[2022-12-20 21:21:00] Error Message: Page not found!!! | File: E:\OpenServer\domains\new-ishop\vendor\core\Router.php |
            Line: 59
=================
[2022-12-20 21:21:00] Error Message: Page not found!!! | File: E:\OpenServer\domains\new-ishop\vendor\core\Router.php |
            Line: 59
=================
[2022-12-20 21:21:00] Error Message: Page not found!!! | File: E:\OpenServer\domains\new-ishop\vendor\core\Router.php |
            Line: 59
=================
[2022-12-20 21:21:00] Error Message: Page not found!!! | File: E:\OpenServer\domains\new-ishop\vendor\core\Router.php |
            Line: 59
=================
[2022-12-20 21:21:00] Error Message: Page not found!!! | File: E:\OpenServer\domains\new-ishop\vendor\core\Router.php |
            Line: 59
=================
[2022-12-20 21:21:00] Error Message: Page not found!!! | File: E:\OpenServer\domains\new-ishop\vendor\core\Router.php |
            Line: 59
=================
[2022-12-20 21:21:00] Error Message: Page not found!!! | File: E:\OpenServer\domains\new-ishop\vendor\core\Router.php |
            Line: 59
=================
[2022-12-20 21:21:00] Error Message: Page not found!!! | File: E:\OpenServer\domains\new-ishop\vendor\core\Router.php |
            Line: 59
=================
[2022-12-20 21:21:00] Error Message: Page not found!!! | File: E:\OpenServer\domains\new-ishop\vendor\core\Router.php |
            Line: 59
=================
[2022-12-20 21:21:32] Error Message: Page not found!!! | File: E:\OpenServer\domains\new-ishop\vendor\core\Router.php |
            Line: 59
=================
[2022-12-20 21:21:32] Error Message: Page not found!!! | File: E:\OpenServer\domains\new-ishop\vendor\core\Router.php |
            Line: 59
=================
[2022-12-20 21:21:32] Error Message: Page not found!!! | File: E:\OpenServer\domains\new-ishop\vendor\core\Router.php |
            Line: 59
=================
[2022-12-20 21:21:32] Error Message: Page not found!!! | File: E:\OpenServer\domains\new-ishop\vendor\core\Router.php |
            Line: 59
=================
[2022-12-20 21:21:32] Error Message: Page not found!!! | File: E:\OpenServer\domains\new-ishop\vendor\core\Router.php |
            Line: 59
=================
[2022-12-20 21:21:32] Error Message: Page not found!!! | File: E:\OpenServer\domains\new-ishop\vendor\core\Router.php |
            Line: 59
=================
[2022-12-20 21:21:33] Error Message: Page not found!!! | File: E:\OpenServer\domains\new-ishop\vendor\core\Router.php |
            Line: 59
=================
[2022-12-20 21:21:33] Error Message: Page not found!!! | File: E:\OpenServer\domains\new-ishop\vendor\core\Router.php |
            Line: 59
=================
[2022-12-20 21:21:33] Error Message: Page not found!!! | File: E:\OpenServer\domains\new-ishop\vendor\core\Router.php |
            Line: 59
=================
[2022-12-20 21:21:33] Error Message: Page not found!!! | File: E:\OpenServer\domains\new-ishop\vendor\core\Router.php |
            Line: 59
=================
[2022-12-20 21:21:33] Error Message: Page not found!!! | File: E:\OpenServer\domains\new-ishop\vendor\core\Router.php |
            Line: 59
=================
[2022-12-20 21:21:33] Error Message: Page not found!!! | File: E:\OpenServer\domains\new-ishop\vendor\core\Router.php |
            Line: 59
=================
[2022-12-20 21:21:33] Error Message: Page not found!!! | File: E:\OpenServer\domains\new-ishop\vendor\core\Router.php |
            Line: 59
=================
[2022-12-20 21:21:33] Error Message: Page not found!!! | File: E:\OpenServer\domains\new-ishop\vendor\core\Router.php |
            Line: 59
=================
[2022-12-20 21:22:34] Error Message: Page not found!!! | File: E:\OpenServer\domains\new-ishop\vendor\core\Router.php |
            Line: 59
=================
[2022-12-20 21:22:34] Error Message: Page not found!!! | File: E:\OpenServer\domains\new-ishop\vendor\core\Router.php |
            Line: 59
=================
[2022-12-20 21:22:34] Error Message: Page not found!!! | File: E:\OpenServer\domains\new-ishop\vendor\core\Router.php |
            Line: 59
=================
[2022-12-20 21:22:34] Error Message: Page not found!!! | File: E:\OpenServer\domains\new-ishop\vendor\core\Router.php |
            Line: 59
=================
[2022-12-20 21:22:34] Error Message: Page not found!!! | File: E:\OpenServer\domains\new-ishop\vendor\core\Router.php |
            Line: 59
=================
[2022-12-20 21:22:35] Error Message: Page not found!!! | File: E:\OpenServer\domains\new-ishop\vendor\core\Router.php |
            Line: 59
=================
[2022-12-20 21:22:35] Error Message: Page not found!!! | File: E:\OpenServer\domains\new-ishop\vendor\core\Router.php |
            Line: 59
=================
[2022-12-20 21:22:35] Error Message: Page not found!!! | File: E:\OpenServer\domains\new-ishop\vendor\core\Router.php |
            Line: 59
=================
[2022-12-20 21:22:35] Error Message: Page not found!!! | File: E:\OpenServer\domains\new-ishop\vendor\core\Router.php |
            Line: 59
=================
[2022-12-20 21:22:35] Error Message: Page not found!!! | File: E:\OpenServer\domains\new-ishop\vendor\core\Router.php |
            Line: 59
=================
[2022-12-20 21:22:54] Error Message: Page not found!!! | File: E:\OpenServer\domains\new-ishop\vendor\core\Router.php |
            Line: 59
=================
[2022-12-20 21:22:54] Error Message: Page not found!!! | File: E:\OpenServer\domains\new-ishop\vendor\core\Router.php |
            Line: 59
=================
[2022-12-20 21:22:55] Error Message: Page not found!!! | File: E:\OpenServer\domains\new-ishop\vendor\core\Router.php |
            Line: 59
=================
[2022-12-20 21:22:55] Error Message: Page not found!!! | File: E:\OpenServer\domains\new-ishop\vendor\core\Router.php |
            Line: 59
=================
[2022-12-20 21:22:55] Error Message: Page not found!!! | File: E:\OpenServer\domains\new-ishop\vendor\core\Router.php |
            Line: 59
=================
[2022-12-20 21:22:55] Error Message: Page not found!!! | File: E:\OpenServer\domains\new-ishop\vendor\core\Router.php |
            Line: 59
=================
[2022-12-20 21:22:55] Error Message: Page not found!!! | File: E:\OpenServer\domains\new-ishop\vendor\core\Router.php |
            Line: 59
=================
[2022-12-20 21:22:55] Error Message: Page not found!!! | File: E:\OpenServer\domains\new-ishop\vendor\core\Router.php |
            Line: 59
=================
[2022-12-20 21:22:55] Error Message: Page not found!!! | File: E:\OpenServer\domains\new-ishop\vendor\core\Router.php |
            Line: 59
=================
[2022-12-20 21:22:55] Error Message: Page not found!!! | File: E:\OpenServer\domains\new-ishop\vendor\core\Router.php |
            Line: 59
=================
[2022-12-20 21:22:55] Error Message: Page not found!!! | File: E:\OpenServer\domains\new-ishop\vendor\core\Router.php |
            Line: 59
=================
[2022-12-20 21:22:55] Error Message: Page not found!!! | File: E:\OpenServer\domains\new-ishop\vendor\core\Router.php |
            Line: 59
=================
[2022-12-20 21:24:25] Error Message: Page not found!!! | File: E:\OpenServer\domains\new-ishop\vendor\core\Router.php |
            Line: 59
=================
[2022-12-20 21:31:14] Error Message: Page not found!!! | File: E:\OpenServer\domains\new-ishop\vendor\core\Router.php |
            Line: 59
=================
[2022-12-20 21:31:16] Error Message: Page not found!!! | File: E:\OpenServer\domains\new-ishop\vendor\core\Router.php |
            Line: 59
=================
[2022-12-20 22:09:57] Error Message: Page not found!!! | File: E:\OpenServer\domains\new-ishop\vendor\core\Router.php |
            Line: 59
=================
[2022-12-20 22:13:49] Error Message: Page not found!!! | File: E:\OpenServer\domains\new-ishop\vendor\core\Router.php |
            Line: 59
=================
[2022-12-20 22:17:40] Error Message: Page not found!!! | File: E:\OpenServer\domains\new-ishop\vendor\core\Router.php |
            Line: 59
=================
[2022-12-20 22:18:17] Error Message: Page not found!!! | File: E:\OpenServer\domains\new-ishop\vendor\core\Router.php |
            Line: 59
=================
[2022-12-20 22:19:28] Error Message: Page not found!!! | File: E:\OpenServer\domains\new-ishop\vendor\core\Router.php |
            Line: 59
=================
[2022-12-21 10:38:30] Error Message: No conection to Data Base! | File: E:\OpenServer\domains\new-ishop\vendor\core\Db.php |
            Line: 15
=================
[2022-12-21 10:38:31] Error Message: Page not found!!! | File: E:\OpenServer\domains\new-ishop\vendor\core\Router.php |
            Line: 59
=================
[2022-12-21 11:10:51] Error Message: Page not found!!! | File: E:\OpenServer\domains\new-ishop\vendor\core\Router.php |
            Line: 59
=================
[2022-12-21 11:12:38] Error Message: Page not found!!! | File: E:\OpenServer\domains\new-ishop\vendor\core\Router.php |
            Line: 59
=================
[2022-12-21 11:15:35] Error Message: Page not found!!! | File: E:\OpenServer\domains\new-ishop\vendor\core\Router.php |
            Line: 59
=================
[2022-12-21 11:18:48] Error Message: Page not found!!! | File: E:\OpenServer\domains\new-ishop\vendor\core\Router.php |
            Line: 59
=================
[2022-12-21 11:21:22] Error Message: Page not found!!! | File: E:\OpenServer\domains\new-ishop\vendor\core\Router.php |
            Line: 59
=================
[2022-12-21 11:21:46] Error Message: Page not found!!! | File: E:\OpenServer\domains\new-ishop\vendor\core\Router.php |
            Line: 59
=================
[2022-12-21 11:51:18] Error Message: Call to undefined method app\models\Main::get_names() | File: E:\OpenServer\domains\new-ishop\app\controllers\MainController.php |
            Line: 16
=================
[2022-12-21 11:55:02] Error Message: compact(): Undefined variable $names | File: E:\OpenServer\domains\new-ishop\app\controllers\MainController.php |
            Line: 19
=================
[2022-12-21 12:02:07] Error Message: Class "app\controllers\R" not found | File: E:\OpenServer\domains\new-ishop\app\controllers\MainController.php |
            Line: 17
=================
[2022-12-21 12:02:59] Error Message: Class "app\controllers\R" not found | File: E:\OpenServer\domains\new-ishop\app\controllers\MainController.php |
            Line: 17
=================
[2022-12-21 12:03:29] Error Message: Page not found!!! | File: E:\OpenServer\domains\new-ishop\vendor\core\Router.php |
            Line: 59
=================
[2022-12-21 12:06:49] Error Message: Class "app\controllers\R" not found | File: E:\OpenServer\domains\new-ishop\app\controllers\MainController.php |
            Line: 17
=================
[2022-12-21 12:07:06] Error Message: Class "app\controllers\R" not found | File: E:\OpenServer\domains\new-ishop\app\controllers\MainController.php |
            Line: 17
=================
[2022-12-21 12:07:06] Error Message: Page not found!!! | File: E:\OpenServer\domains\new-ishop\vendor\core\Router.php |
            Line: 59
=================
[2022-12-21 12:08:47] Error Message: Undefined array key "title" | File: E:\OpenServer\domains\new-ishop\vendor\core\View.php |
            Line: 49
=================
[2022-12-21 12:43:00] Error Message: syntax error, unexpected token ":" | File: E:\OpenServer\domains\new-ishop\app\controllers\MainController.php |
            Line: 21
=================
[2022-12-21 12:48:55] Error Message: compact(): Undefined variable $slides | File: E:\OpenServer\domains\new-ishop\app\controllers\MainController.php |
            Line: 23
=================
[2022-12-21 16:17:33] Error Message: Page not found!!! | File: E:\OpenServer\domains\new-ishop\vendor\core\Router.php |
            Line: 59
=================
[2022-12-21 16:22:26] Error Message: Trying to access array offset on value of type null | File: E:\OpenServer\domains\new-ishop\app\views\Main\index.php |
            Line: 11
=================
[2022-12-21 16:23:42] Error Message: Undefined variable $variable | File: E:\OpenServer\domains\new-ishop\app\views\Main\index.php |
            Line: 11
=================
[2022-12-21 16:28:21] Error Message: Undefined constant "slides" | File: E:\OpenServer\domains\new-ishop\app\views\Main\index.php |
            Line: 11
=================
[2022-12-21 17:59:30] Error Message: Call to undefined method app\controllers\MainController::getHits() | File: E:\OpenServer\domains\new-ishop\app\controllers\MainController.php |
            Line: 24
=================
[2022-12-21 17:59:52] Error Message: Call to undefined method app\controllers\MainController::getHits() | File: E:\OpenServer\domains\new-ishop\app\controllers\MainController.php |
            Line: 24
=================
[2022-12-21 18:00:25] Error Message: Call to undefined method app\controllers\MainController::getHits() | File: E:\OpenServer\domains\new-ishop\app\controllers\MainController.php |
            Line: 24
=================
[2022-12-21 18:00:46] Error Message: Undefined constant "app\controllers\Main" | File: E:\OpenServer\domains\new-ishop\app\controllers\MainController.php |
            Line: 24
=================
[2022-12-21 18:01:09] Error Message: SQLSTATE[42000]: Syntax error or access violation: 1064 You have an error in your SQL syntax; check the manual that corresponds to your MySQL server version for the right syntax to use near 'p.id = pd.product_id
			WHERE p.status = 1
			AND p.hit = 1
			AND pd.languag' at line 3 | File: E:\OpenServer\domains\new-ishop\vendor\gabordemooij\redbean\RedBeanPHP\Driver\RPDO.php |
            Line: 206
=================
[2023-01-03 16:55:33] Error Message: No conection to Data Base! | File: C:\OpenServer\domains\new-ishop\vendor\core\Db.php |
            Line: 15
=================
[2023-01-03 16:55:33] Error Message: Page not found!!! | File: C:\OpenServer\domains\new-ishop\vendor\core\Router.php |
            Line: 59
=================
[2023-01-03 17:06:36] Error Message: Controller app\controllers\admin\AfeAfewfController not found!!! | File: C:\OpenServer\domains\new-ishop\vendor\core\Router.php |
            Line: 55
=================
[2023-01-03 17:11:01] Error Message: Controller app\controllers\admin\AfeAfewfController not found!!! | File: C:\OpenServer\domains\new-ishop\vendor\core\Router.php |
            Line: 55
=================
[2023-01-03 17:11:09] Error Message: SQLSTATE[42000]: Syntax error or access violation: 1064 You have an error in your SQL syntax; check the manual that corresponds to your MariaDB server version for the right syntax to use near 'p.id = pd.product_id
			WHERE p.status = 1
			AND p.hit = 1
			AND pd.lang...' at line 3 | File: C:\OpenServer\domains\new-ishop\vendor\gabordemooij\redbean\RedBeanPHP\Driver\RPDO.php |
            Line: 206
=================
[2023-01-03 17:12:43] Error Message: Call to undefined method app\models\Main::getHits() | File: C:\OpenServer\domains\new-ishop\app\controllers\MainController.php |
            Line: 24
=================
